生成启动时间为 2016/1/21 17:46:20。
     1>项目“D:\tao\GitHub\FaacTo\FaacTo\FaacTo.vcxproj”在节点 2 上(build 个目标)。
     1>InitializeBuildStatus:
         正在创建“Debug\FaacTo.unsuccessfulbuild”，因为已指定“AlwaysCreate”。
       ClCompile:
         所有输出均为最新。
         D:\Microsoft Visual Studio 10.0\VC\bin\CL.exe /c /ZI /nologo /W3 /WX- /Od /Oy- /D WIN32 /D _DEBUG /D _CONSOLE /D _UNICODE /D UNICODE /Gm /EHsc /RTC1 /MDd /GS /fp:precise /Zc:wchar_t /Zc:forScope /Fo"Debug\\" /Fd"Debug\vc100.pdb" /Gd /TP /analyze- /errorReport:prompt PcmToAcc.cpp
         PcmToAcc.cpp
     1>d:\tao\github\faacto\faacto\pcmtoacc.cpp(22): warning C4996: 'fopen': This function or variable may be unsafe. Consider using fopen_s instead. To disable deprecation, use _CRT_SECURE_NO_WARNINGS. See online help for details.
                 d:\microsoft visual studio 10.0\vc\include\stdio.h(234) : 参见“fopen”的声明
     1>d:\tao\github\faacto\faacto\pcmtoacc.cpp(23): warning C4996: 'fopen': This function or variable may be unsafe. Consider using fopen_s instead. To disable deprecation, use _CRT_SECURE_NO_WARNINGS. See online help for details.
                 d:\microsoft visual studio 10.0\vc\include\stdio.h(234) : 参见“fopen”的声明
       Link:
         D:\Microsoft Visual Studio 10.0\VC\bin\link.exe /ERRORREPORT:PROMPT /OUT:"D:\tao\GitHub\FaacTo\Debug\FaacTo.exe" /INCREMENTAL /NOLOGO /LIBPATH:D:\tao\C++\FaacTo\libfaac kernel32.lib user32.lib gdi32.lib winspool.lib comdlg32.lib advapi32.lib shell32.lib ole32.lib oleaut32.lib uuid.lib odbc32.lib odbccp32.lib /MANIFEST /ManifestFile:"Debug\FaacTo.exe.intermediate.manifest" /MANIFESTUAC:"level='asInvoker' uiAccess='false'" /DEBUG /PDB:"D:\tao\GitHub\FaacTo\Debug\FaacTo.pdb" /SUBSYSTEM:CONSOLE /TLBID:1 /DYNAMICBASE /NXCOMPAT /IMPLIB:"D:\tao\GitHub\FaacTo\Debug\FaacTo.lib" /MACHINE:X86 Debug\aacquant.obj
         Debug\backpred.obj
         Debug\bitstream.obj
         Debug\channels.obj
         Debug\fft.obj
         Debug\filtbank.obj
         Debug\frame.obj
         Debug\huffman.obj
         Debug\ltp.obj
         Debug\midside.obj
         Debug\psychkni.obj
         Debug\tns.obj
         Debug\util.obj
         Debug\PcmToAcc.obj
         ..\lib\libfaac.lib
         FaacTo.vcxproj -> D:\tao\GitHub\FaacTo\Debug\FaacTo.exe
       Manifest:
         C:\Program Files (x86)\Microsoft SDKs\Windows\v7.0A\bin\mt.exe /nologo /verbose /out:"D:\tao\GitHub\FaacTo\Debug\FaacTo.exe.manifest" /manifest Debug\FaacTo.exe.intermediate.manifest
       FinalizeBuildStatus:
         正在删除文件“Debug\FaacTo.unsuccessfulbuild”。
         正在对“Debug\FaacTo.lastbuildstate”执行 Touch 任务。
     1>已完成生成项目“D:\tao\GitHub\FaacTo\FaacTo\FaacTo.vcxproj”(build 个目标)的操作。

生成成功。

已用时间 00:00:08.67
